<?xml version="1.0" encoding="UTF-8"?>
<!-- Generated by org.testng.reporters.JUnitXMLReporter -->
<testsuite hostname="DESKTOP-FDOBOJL" ignored="0" name="Automation Test Report" tests="4" failures="0" timestamp="24 Jun 2019 11:02:59 GMT" time="73.223" errors="0">
  <testcase name="feature" time="19.525" classname="com.testautomation.TestRunner.TestRunner"/>
  <testcase name="feature" time="18.033" classname="com.testautomation.TestRunner.TestRunner"/>
  <testcase name="feature" time="17.848" classname="com.testautomation.TestRunner.TestRunner"/>
  <testcase name="feature" time="17.187" classname="com.testautomation.TestRunner.TestRunner"/>
</testsuite> <!-- Automation Test Report -->
